Tekla Structures Educational 2021


********************************************
Total selected objects:             934
Included assembly sub parts         124
Successful exports:                 1196
Untransferrable objects selected:   220
----------------------------------+---------
Exported objects
 Beams                              78
 Members                            12
 Plates                             312
 Bolt groups                        256
 Welds                              180
----------------------------------+---------
Container objects:
 Assemblies                         358 (838)
----------------------------------+---------
Untransferrable selections                  
 Boolean                            144
 Connection                         64
 Detail                             12
--------------------------------------------
 -IfcProject        Project 
   -IfcSite           Undefined 
     -IfcBuilding       Undefined (1058)
       -IfcBuildingStorey Undefined (1058)
--------------------------------------------
Included property set definition files:
 pset1: C:\ProgramData\Trimble\Tekla Structures\2021.0\environments\brazil\General\AdditionalPSets\IFC_Estruturas_metalicas.xml
 pset2: C:\ProgramData\Trimble\Tekla Structures\2021.0\environments\common\inp\IfcPropertySetConfigurations_CV2.xml
********************************************

* Pay attention to the following 32 object(s) *****************
***************************************************************
Details:
+-------------------------------------------
ID: 1122097 TS: IDF99105B7-7074-4F5F-9F7C-6DB30C67343B, IFC: 3vaGMtS7HFNvzyRRCCPpGx
 Info 11: Extruded projection element (Boolean::Add) unsupported: Reverted to BREP export
+-------------------------------------------
ID: 1122140 TS: IDAF894D90-8432-4531-937E-2C56DCF966A9, IFC: 2lYKsGX395CPD_B5RS_MQf
 Info 11: Extruded projection element (Boolean::Add) unsupported: Reverted to BREP export
+-------------------------------------------
ID: 1125153 TS: IDF317DB97-BAA7-40F5-AAA9-03467089658A, IFC: 3p5zkNkgT0zQgf0qPmYMMA
 Info 11: Extruded projection element (Boolean::Add) unsupported: Reverted to BREP export
+-------------------------------------------
ID: 1125207 TS: ID564EBC54-872B-4F23-947C-9E64A8CFB9C1, IFC: 1MJhnKXojF8vHydcIepxd1
 Info 11: Extruded projection element (Boolean::Add) unsupported: Reverted to BREP export
+-------------------------------------------
ID: 1128081 TS: ID7309BEAB-A253-4D9D-95B6-D4F83DF2B620, IFC: 1p2RwhebDDdPMsrFWzyhOW
 Info 11: Extruded projection element (Boolean::Add) unsupported: Reverted to BREP export
+-------------------------------------------
ID: 1128135 TS: ID1C8DEF25-E7A6-4CC4-A6F8-814D12CA9FB9, IFC: 0SZUybvwPCnARuWKqIof_v
 Info 11: Extruded projection element (Boolean::Add) unsupported: Reverted to BREP export
+-------------------------------------------
ID: 1131165 TS: ID621FCDAC-F8AC-488C-9B8E-6171B6EA2897, IFC: 1Y7ysi_An8Z9kEON6swYYN
 Info 11: Extruded projection element (Boolean::Add) unsupported: Reverted to BREP export
+-------------------------------------------
ID: 1131252 TS: ID54D5AA96-2E4E-46D6-AC10-48B4F25FF535, IFC: 1KrQgMBav6rgmGIBJoN$Kr
 Info 11: Extruded projection element (Boolean::Add) unsupported: Reverted to BREP export
+-------------------------------------------
ID: 1131339 TS: IDC0E7C758-057C-4932-9113-D5D324CBB5DF, IFC: 30vyTO1Nn9Cf4JrTCaoxNV
 Info 11: Extruded projection element (Boolean::Add) unsupported: Reverted to BREP export
+-------------------------------------------
ID: 1131424 TS: IDEF4BC690-6F26-464A-8574-00BCC3B6A597, IFC: 3lIyQGRoP6IeLq0Bp3jgMN
 Info 11: Extruded projection element (Boolean::Add) unsupported: Reverted to BREP export
+-------------------------------------------
ID: 1131509 TS: IDE1D3241E-F90D-403D-A1E6-0307A9A75647, IFC: 3XqoGU_Gr0FQ7c0mUffrP7
 Info 11: Extruded projection element (Boolean::Add) unsupported: Reverted to BREP export
+-------------------------------------------
ID: 1131594 TS: ID499EC156-0554-458E-9E17-D485618DF327, IFC: 19di5M1LH5ZfuNr8LXZVCd
 Info 11: Extruded projection element (Boolean::Add) unsupported: Reverted to BREP export
+-------------------------------------------
ID: 1167276 TS: ID3A9EDCC2-DAFA-44AE-836D-B570599457A4, IFC: 0wdjp2slf4heDjjN1Pb5Ua
 Info 11: Extruded projection element (Boolean::Add) unsupported: Reverted to BREP export
+-------------------------------------------
ID: 1167319 TS: ID75B39276-9C03-4F85-934D-FF174D77C50D, IFC: 1riv9sd0DFXPDD$nTDTyKD
 Info 11: Extruded projection element (Boolean::Add) unsupported: Reverted to BREP export
+-------------------------------------------
ID: 1171644 TS: ID3C4510BE-F27B-4091-BBA6-8DE8D1BAC21A, IFC: 0yHH2_ydj0aRkcZUZHki8Q
 Info 11: Extruded projection element (Boolean::Add) unsupported: Reverted to BREP export
+-------------------------------------------
ID: 1171731 TS: IDFC1226D1-F574-4219-A75E-E81BE738FA5C, IFC: 3y4YRHzNH26QTUw1ldEFfS
 Info 11: Extruded projection element (Boolean::Add) unsupported: Reverted to BREP export
+-------------------------------------------
ID: 1272914 TS: IDF760A298-5342-49E2-A073-3B8DD35F06A6, IFC: 3tOAAOKq99ug1pEutJNmQc
 Info 11: Extruded projection element (Boolean::Add) unsupported: Reverted to BREP export
+-------------------------------------------
ID: 1272968 TS: IDCC49AB23-5A50-4A1E-8BD9-97FDD07074F9, IFC: 3CIQiZMb1A7elPb$tGS7Jv
 Info 11: Extruded projection element (Boolean::Add) unsupported: Reverted to BREP export
+-------------------------------------------
ID: 1280900 TS: ID43E2C652-F40A-4C81-AA00-647AC5FFD820, IFC: 13uiPIz0fCWQe0P7h5$zWW
 Info 11: Extruded projection element (Boolean::Add) unsupported: Reverted to BREP export
+-------------------------------------------
ID: 1280954 TS: IDA241738F-8517-465A-861D-6D3C97410831, IFC: 2YGNEFXHT6MeOTRJoNGGWn
 Info 11: Extruded projection element (Boolean::Add) unsupported: Reverted to BREP export
+-------------------------------------------
ID: 1281008 TS: IDAD323FB7-A851-460B-B955-380D8929E49F, IFC: 2jCZ_tg5562xbLE0s9AUIV
 Info 11: Extruded projection element (Boolean::Add) unsupported: Reverted to BREP export
+-------------------------------------------
ID: 1281062 TS: IDDE925544-B593-4C1E-B8B8-F97D1F7C91DB, IFC: 3UabL4jPDC7hYu_NqVV97R
 Info 11: Extruded projection element (Boolean::Add) unsupported: Reverted to BREP export
+-------------------------------------------
ID: 1281116 TS: IDF4B4C12F-9D30-4B57-A183-44C438DF11C2, IFC: 3qjC4ldJ1BLw63HCGutn72
 Info 11: Extruded projection element (Boolean::Add) unsupported: Reverted to BREP export
+-------------------------------------------
ID: 1281170 TS: IDE0829296-3545-432F-A382-9BC6142428D8, IFC: 3WWfAMDKL3BwE2cyOK92ZO
 Info 11: Extruded projection element (Boolean::Add) unsupported: Reverted to BREP export
+-------------------------------------------
ID: 1281224 TS: ID98A162FA-A671-47F0-814F-296745C82285, IFC: 2OeMBwfd57y85FAMT5o2A5
 Info 11: Extruded projection element (Boolean::Add) unsupported: Reverted to BREP export
+-------------------------------------------
ID: 1281278 TS: ID817A5967-3532-4100-9E42-CA372160053B, IFC: 21UbbdDJ9109v2oZSXO0Kx
 Info 11: Extruded projection element (Boolean::Add) unsupported: Reverted to BREP export
+-------------------------------------------
ID: 1281332 TS: IDEB87CF6C-6ABC-4137-8709-9DF67D736703, IFC: 3hXyziQhn1DuS9dVPzSsS3
 Info 11: Extruded projection element (Boolean::Add) unsupported: Reverted to BREP export
+-------------------------------------------
ID: 1281386 TS: ID310C6189-E8BC-4DC7-A6C3-E4EF83FACA27, IFC: 0n3669wBnDnwR3vE_3_ied
 Info 11: Extruded projection element (Boolean::Add) unsupported: Reverted to BREP export
+-------------------------------------------
ID: 1281440 TS: ID23E62513-FE3D-4F3D-B65A-AEEB5DF6A140, IFC: 0ZvYKJ$ZrFFRPQhkjTzg50
 Info 11: Extruded projection element (Boolean::Add) unsupported: Reverted to BREP export
+-------------------------------------------
ID: 1281494 TS: ID17A00325-6AF9-4067-9C40-C557CCA21358, IFC: 0Ne0CbQlb0Pvn0nLVCeXDO
 Info 11: Extruded projection element (Boolean::Add) unsupported: Reverted to BREP export
+-------------------------------------------
ID: 1299727 TS: ID4850B86E-17BF-4D25-B934-4E72F003F45D, IFC: 18KBXk5xzD9RaqJdBm0$HT
 Info 11: Extruded projection element (Boolean::Add) unsupported: Reverted to BREP export
+-------------------------------------------
ID: 1299781 TS: IDA9899A8C-B931-483D-B58E-52F6F98789D1, IFC: 2fYPgCkJ58FRMEKlRvXudH
 Info 11: Extruded projection element (Boolean::Add) unsupported: Reverted to BREP export

Elapsed time: 3.0 seconds.
